<?xml version="1.0" encoding="UTF-8"?>
<!-- Generated by org.testng.reporters.JUnitXMLReporter -->
<testsuite ignored="7" hostname="DESKTOP-TCFI2UM" failures="0" tests="2" name="Test" time="20.648" errors="0" timestamp="2024-07-02T22:37:14 IST">
  <testcase classname="testngframework.Testng_10_Group_Execution" name="swiggy" time="8.939"/>
  <testcase classname="testngframework.Testng_10_Group_Execution" name="zomato" time="4.885"/>
  <testcase classname="testngframework.Testng_10_Group_Execution" name="selenium" time="0.0">
    <ignored/>
  </testcase> <!-- selenium -->
  <testcase classname="testngframework.Testng_10_Group_Execution" name="google" time="0.0">
    <ignored/>
  </testcase> <!-- google -->
  <testcase classname="testngframework.Testng_10_Group_Execution" name="facebook" time="0.0">
    <ignored/>
  </testcase> <!-- facebook -->
  <testcase classname="testngframework.Testng_10_Group_Execution" name="gmail" time="0.0">
    <ignored/>
  </testcase> <!-- gmail -->
  <testcase classname="testngframework.Testng_10_Group_Execution" name="twitter" time="0.0">
    <ignored/>
  </testcase> <!-- twitter -->
  <testcase classname="testngframework.Testng_10_Group_Execution" name="godaddy" time="0.0">
    <ignored/>
  </testcase> <!-- godaddy -->
  <testcase classname="testngframework.Testng_10_Group_Execution" name="eenadu" time="0.0">
    <ignored/>
  </testcase> <!-- eenadu -->
</testsuite> <!-- Test -->
