<?xml version="1.0" encoding="UTF-8"?>
<testng-results ignored="0" total="1" passed="1" failed="0" skipped="0">
  <reporter-output>
  </reporter-output>
  <suite started-at="2024-07-06T09:54:35 IST" name="Default suite" finished-at="2024-07-06T09:55:20 IST" duration-ms="44752">
    <groups>
    </groups>
    <test started-at="2024-07-06T09:54:35 IST" name="Default test" finished-at="2024-07-06T09:55:20 IST" duration-ms="44752">
      <class name="handleFrames.framesIdentifies">
        <test-method is-config="true" signature="beforeTest()[pri:0, instance:handleFrames.framesIdentifies@53aac487]" started-at="2024-07-06T09:54:35 IST" name="beforeTest" finished-at="2024-07-06T09:54:39 IST" duration-ms="4158" status="PASS">
          <reporter-output>
          </reporter-output>
        </test-method> <!-- beforeTest -->
        <test-method signature="framesValues()[pri:0, instance:handleFrames.framesIdentifies@53aac487]" started-at="2024-07-06T09:54:40 IST" name="framesValues" finished-at="2024-07-06T09:55:20 IST" duration-ms="40502" status="PASS">
          <reporter-output>
          </reporter-output>
        </test-method> <!-- framesValues -->
      </class> <!-- handleFrames.framesIdentifies -->
    </test> <!-- Default test -->
  </suite> <!-- Default suite -->
</testng-results>
